<?xml version="1.0" encoding="UTF-8"?>
<!-- Generated by org.testng.reporters.JUnitXMLReporter -->
<testsuite ignored="1" hostname="DCKAQOC-050" failures="1" tests="1" name="Default test" time="33.898" errors="0" timestamp="2023-03-15T08:07:12 IST">
  <testcase classname="com.employee.CameraAccessTest" name="empId2" time="33.787">
    <failure type="org.openqa.selenium.NoSuchElementException" message="An element could not be located on the page using the given search parameters. (WARNING: The server did not provide any stacktrace information)
Command duration or timeout: 0 milliseconds
For documentation on this error, please visit: https://www.seleniumhq.org/exceptions/no_such_element.html
Build info: version: &amp;apos;unknown&amp;apos;, revision: &amp;apos;unknown&amp;apos;, time: &amp;apos;unknown&amp;apos;
System info: host: &amp;apos;DCKAQOC-050&amp;apos;, ip: &amp;apos;192.168.1.5&amp;apos;, os.name: &amp;apos;Windows 10&amp;apos;, os.arch: &amp;apos;amd64&amp;apos;, os.version: &amp;apos;10.0&amp;apos;, java.version: &amp;apos;11.0.17&amp;apos;
Driver info: org.openqa.selenium.remote.RemoteWebDriver
Capabilities {64bit: false, acceptSslCert: false, acceptSslCerts: false, autoGrantPermissions: true, automationName: XCUITest, bootstrapPath: /usr/local/.browserstack/co..., browser: iphone, browserName: safari, browserstack.appium_version: 1.21.0, browserstack.isTargetBased: true, browserstack.is_hub_canary: false, buildName: browserstack-build-1, capabilities: {64bit: false, acceptSslCert: false, acceptSslCerts: false, autoGrantPermissions: true, automationName: XCUITest, bootstrapPath: /usr/local/.browserstack/co..., browser: iphone, browserName: safari, browserstack.appium_version: 1.21.0, browserstack.isTargetBased: true, browserstack.is_hub_canary: false, buildName: browserstack-build-1, custom_replay_kit_params: {&amp;quot;rotation&amp;quot;:&amp;quot;false&amp;quot;,&amp;quot;captur..., databaseEnabled: false, detected_language: selenium/unknown (java wind..., device: iphone, deviceName: iPhone 14, deviceOrientation: PORTRAIT, javascriptEnabled: true, locationContextEnabled: false, mobile: {browser: mobile, version: iPhone 14-16.2}, networkConnectionEnabled: false, newCommandTimeout: 0, new_bucketing: true, noReset: true, orientation: PORTRAIT, orig_os: ios, osVersion: 16, os_version: 16.0, platform: MAC, platformName: iOS, projectName: First Java Project, realMobile: true, safariIgnoreFraudWarning: true, safariInitialUrl: http://mobile-internet-chec..., sessionId: ca34654e31518f55a58b02e4ae5..., sessionName: first_test, takesScreenshot: true, udid: 00008110-0016512C36F2401E, useXctestrunFile: true, version: , wda_port: 8402, webStorageEnabled: false, webkitResponseTimeout: 20000}, custom_replay_kit_params: {&amp;quot;rotation&amp;quot;:&amp;quot;false&amp;quot;,&amp;quot;captur..., databaseEnabled: false, detected_language: selenium/unknown (java wind..., device: iphone, deviceName: iPhone 14, deviceOrientation: PORTRAIT, javascriptEnabled: true, locationContextEnabled: false, mobile: {browser: mobile, version: iPhone 14-16.2}, networkConnectionEnabled: false, newCommandTimeout: 0, new_bucketing: true, noReset: true, orientation: PORTRAIT, orig_os: ios, osVersion: 16, os_version: 16.0, platform: MAC, platformName: MAC, projectName: First Java Project, realMobile: true, safariIgnoreFraudWarning: true, safariInitialUrl: http://mobile-internet-chec..., sessionId: ca34654e31518f55a58b02e4ae5..., sessionName: first_test, takesScreenshot: true, udid: 00008110-0016512C36F2401E, useXctestrunFile: true, version: , wda_port: 8402, webStorageEnabled: false, webkitResponseTimeout: 20000}
Session ID: ca34654e31518f55a58b02e4ae5d2a66a5c9d7ab
*** Element info: {Using=xpath, value=pass}">
      <![CDATA[org.openqa.selenium.NoSuchElementException: An element could not be located on the page using the given search parameters. (WARNING: The server did not provide any stacktrace information)
Command duration or timeout: 0 milliseconds
For documentation on this error, please visit: https://www.seleniumhq.org/exceptions/no_such_element.html
Build info: version: 'unknown', revision: 'unknown', time: 'unknown'
System info: host: 'DCKAQOC-050', ip: '192.168.1.5', os.name: 'Windows 10', os.arch: 'amd64', os.version: '10.0', java.version: '11.0.17'
Driver info: org.openqa.selenium.remote.RemoteWebDriver
Capabilities {64bit: false, acceptSslCert: false, acceptSslCerts: false, autoGrantPermissions: true, automationName: XCUITest, bootstrapPath: /usr/local/.browserstack/co..., browser: iphone, browserName: safari, browserstack.appium_version: 1.21.0, browserstack.isTargetBased: true, browserstack.is_hub_canary: false, buildName: browserstack-build-1, capabilities: {64bit: false, acceptSslCert: false, acceptSslCerts: false, autoGrantPermissions: true, automationName: XCUITest, bootstrapPath: /usr/local/.browserstack/co..., browser: iphone, browserName: safari, browserstack.appium_version: 1.21.0, browserstack.isTargetBased: true, browserstack.is_hub_canary: false, buildName: browserstack-build-1, custom_replay_kit_params: {"rotation":"false","captur..., databaseEnabled: false, detected_language: selenium/unknown (java wind..., device: iphone, deviceName: iPhone 14, deviceOrientation: PORTRAIT, javascriptEnabled: true, locationContextEnabled: false, mobile: {browser: mobile, version: iPhone 14-16.2}, networkConnectionEnabled: false, newCommandTimeout: 0, new_bucketing: true, noReset: true, orientation: PORTRAIT, orig_os: ios, osVersion: 16, os_version: 16.0, platform: MAC, platformName: iOS, projectName: First Java Project, realMobile: true, safariIgnoreFraudWarning: true, safariInitialUrl: http://mobile-internet-chec..., sessionId: ca34654e31518f55a58b02e4ae5..., sessionName: first_test, takesScreenshot: true, udid: 00008110-0016512C36F2401E, useXctestrunFile: true, version: , wda_port: 8402, webStorageEnabled: false, webkitResponseTimeout: 20000}, custom_replay_kit_params: {"rotation":"false","captur..., databaseEnabled: false, detected_language: selenium/unknown (java wind..., device: iphone, deviceName: iPhone 14, deviceOrientation: PORTRAIT, javascriptEnabled: true, locationContextEnabled: false, mobile: {browser: mobile, version: iPhone 14-16.2}, networkConnectionEnabled: false, newCommandTimeout: 0, new_bucketing: true, noReset: true, orientation: PORTRAIT, orig_os: ios, osVersion: 16, os_version: 16.0, platform: MAC, platformName: MAC, projectName: First Java Project, realMobile: true, safariIgnoreFraudWarning: true, safariInitialUrl: http://mobile-internet-chec..., sessionId: ca34654e31518f55a58b02e4ae5..., sessionName: first_test, takesScreenshot: true, udid: 00008110-0016512C36F2401E, useXctestrunFile: true, version: , wda_port: 8402, webStorageEnabled: false, webkitResponseTimeout: 20000}
Session ID: ca34654e31518f55a58b02e4ae5d2a66a5c9d7ab
*** Element info: {Using=xpath, value=pass}
at java.base/jdk.internal.reflect.NativeConstructorAccessorImpl.newInstance0(Native Method)
at java.base/jdk.internal.reflect.NativeConstructorAccessorImpl.newInstance(NativeConstructorAccessorImpl.java:62)
at java.base/jdk.internal.reflect.DelegatingConstructorAccessorImpl.newInstance(DelegatingConstructorAccessorImpl.java:45)
at java.base/java.lang.reflect.Constructor.newInstance(Constructor.java:490)
at org.openqa.selenium.remote.ErrorHandler.a(Unknown Source)
at org.openqa.selenium.remote.ErrorHandler.throwIfResponseFailed(Unknown Source)
at org.openqa.selenium.remote.http.JsonHttpResponseCodec.reconstructValue(Unknown Source)
at org.openqa.selenium.remote.http.AbstractHttpResponseCodec.decode(Unknown Source)
at org.openqa.selenium.remote.http.AbstractHttpResponseCodec.decode(Unknown Source)
at org.openqa.selenium.remote.HttpCommandExecutor.execute(Unknown Source)
at org.openqa.selenium.remote.RemoteWebDriver.execute(Unknown Source)
at org.openqa.selenium.remote.RemoteWebDriver.findElement(Unknown Source)
at org.openqa.selenium.remote.RemoteWebDriver.findElementByXPath(Unknown Source)
at org.openqa.selenium.By$ByXPath.findElement(Unknown Source)
at org.openqa.selenium.remote.RemoteWebDriver.findElement(Unknown Source)
at com.employee.CameraAccessTest.empId2(CameraAccessTest.java:72)
at java.base/jdk.internal.reflect.NativeMethodAccessorImpl.invoke0(Native Method)
at java.base/jdk.internal.reflect.NativeMethodAccessorImpl.invoke(NativeMethodAccessorImpl.java:62)
at java.base/jdk.internal.reflect.DelegatingMethodAccessorImpl.invoke(DelegatingMethodAccessorImpl.java:43)
at java.base/java.lang.reflect.Method.invoke(Method.java:566)
at org.testng.internal.invokers.MethodInvocationHelper.invokeMethod(MethodInvocationHelper.java:139)
at org.testng.internal.invokers.TestInvoker.invokeMethod(TestInvoker.java:677)
at org.testng.internal.invokers.TestInvoker.invokeTestMethod(TestInvoker.java:221)
at org.testng.internal.invokers.MethodRunner.runInSequence(MethodRunner.java:50)
at org.testng.internal.invokers.TestInvoker$MethodInvocationAgent.invoke(TestInvoker.java:962)
at org.testng.internal.invokers.TestInvoker.invokeTestMethods(TestInvoker.java:194)
at org.testng.internal.invokers.TestMethodWorker.invokeTestMethods(TestMethodWorker.java:148)
at org.testng.internal.invokers.TestMethodWorker.run(TestMethodWorker.java:128)
at java.base/java.util.ArrayList.forEach(ArrayList.java:1541)
at org.testng.TestRunner.privateRun(TestRunner.java:806)
at org.testng.TestRunner.run(TestRunner.java:601)
at org.testng.SuiteRunner.runTest(SuiteRunner.java:433)
at org.testng.SuiteRunner.runSequentially(SuiteRunner.java:427)
at org.testng.SuiteRunner.privateRun(SuiteRunner.java:387)
at org.testng.SuiteRunner.run(SuiteRunner.java:330)
at org.testng.SuiteRunnerWorker.runSuite(SuiteRunnerWorker.java:52)
at org.testng.SuiteRunnerWorker.run(SuiteRunnerWorker.java:95)
at org.testng.TestNG.runSuitesSequentially(TestNG.java:1256)
at org.testng.TestNG.runSuitesLocally(TestNG.java:1176)
at org.testng.TestNG.runSuites(TestNG.java:1099)
at org.testng.TestNG.run(TestNG.java:1067)
at org.testng.remote.AbstractRemoteTestNG.run(AbstractRemoteTestNG.java:115)
at org.testng.remote.RemoteTestNG.initAndRun(RemoteTestNG.java:251)
at org.testng.remote.RemoteTestNG.main(RemoteTestNG.java:77)
]]>
    </failure>
  </testcase> <!-- empId2 -->
  <testcase classname="com.employee.CameraAccessTest" name="empId" time="0.0">
    <ignored/>
  </testcase> <!-- empId -->
</testsuite> <!-- Default test -->
