<?xml version="1.0" encoding="UTF-8"?>
<!-- Generated by org.testng.reporters.JUnitXMLReporter -->
<testsuite ignored="0" hostname="DCKAQOC-050" failures="2" tests="2" name="Test" time="38.941" errors="0" timestamp="2023-03-14T17:59:50 IST">
  <testcase classname="com.employee.CameraAccessTest" name="empId2" time="34.323">
    <failure type="org.openqa.selenium.NoSuchElementException" message="An element could not be located on the page using the given search parameters. (WARNING: The server did not provide any stacktrace information)
Command duration or timeout: 0 milliseconds
For documentation on this error, please visit: https://www.seleniumhq.org/exceptions/no_such_element.html
Build info: version: &amp;apos;unknown&amp;apos;, revision: &amp;apos;unknown&amp;apos;, time: &amp;apos;unknown&amp;apos;
System info: host: &amp;apos;DCKAQOC-050&amp;apos;, ip: &amp;apos;192.168.1.5&amp;apos;, os.name: &amp;apos;Windows 10&amp;apos;, os.arch: &amp;apos;amd64&amp;apos;, os.version: &amp;apos;10.0&amp;apos;, java.version: &amp;apos;11.0.17&amp;apos;
Driver info: org.openqa.selenium.remote.RemoteWebDriver
Capabilities {64bit: false, acceptSslCert: false, acceptSslCerts: false, autoGrantPermissions: true, automationName: XCUITest, bootstrapPath: /usr/local/.browserstack/co..., browser: iphone, browserName: safari, browserstack.appium_version: 1.21.0, browserstack.isTargetBased: true, browserstack.is_hub_canary: false, buildName: browserstack-build-1, capabilities: {64bit: false, acceptSslCert: false, acceptSslCerts: false, autoGrantPermissions: true, automationName: XCUITest, bootstrapPath: /usr/local/.browserstack/co..., browser: iphone, browserName: safari, browserstack.appium_version: 1.21.0, browserstack.isTargetBased: true, browserstack.is_hub_canary: false, buildName: browserstack-build-1, custom_replay_kit_params: {&amp;quot;rotation&amp;quot;:&amp;quot;false&amp;quot;,&amp;quot;captur..., databaseEnabled: false, detected_language: selenium/unknown (java wind..., device: iphone, deviceName: iPhone 14, deviceOrientation: PORTRAIT, javascriptEnabled: true, locationContextEnabled: false, mobile: {browser: mobile, version: iPhone 14-16.2}, networkConnectionEnabled: false, newCommandTimeout: 0, new_bucketing: true, noReset: true, orientation: PORTRAIT, orig_os: ios, osVersion: 16, os_version: 16.0, platform: MAC, platformName: iOS, projectName: First Java Project, realMobile: true, safariIgnoreFraudWarning: true, safariInitialUrl: http://mobile-internet-chec..., sessionId: f8bcda40ad52cf1a07bad302179..., sessionName: first_test, takesScreenshot: true, udid: 00008110-001208381E85401E, useXctestrunFile: true, version: , wda_port: 8404, webStorageEnabled: false, webkitResponseTimeout: 20000}, custom_replay_kit_params: {&amp;quot;rotation&amp;quot;:&amp;quot;false&amp;quot;,&amp;quot;captur..., databaseEnabled: false, detected_language: selenium/unknown (java wind..., device: iphone, deviceName: iPhone 14, deviceOrientation: PORTRAIT, javascriptEnabled: true, locationContextEnabled: false, mobile: {browser: mobile, version: iPhone 14-16.2}, networkConnectionEnabled: false, newCommandTimeout: 0, new_bucketing: true, noReset: true, orientation: PORTRAIT, orig_os: ios, osVersion: 16, os_version: 16.0, platform: MAC, platformName: MAC, projectName: First Java Project, realMobile: true, safariIgnoreFraudWarning: true, safariInitialUrl: http://mobile-internet-chec..., sessionId: f8bcda40ad52cf1a07bad302179..., sessionName: first_test, takesScreenshot: true, udid: 00008110-001208381E85401E, useXctestrunFile: true, version: , wda_port: 8404, webStorageEnabled: false, webkitResponseTimeout: 20000}
Session ID: f8bcda40ad52cf1a07bad3021799a759c2ed3ce8
*** Element info: {Using=xpath, value=pass}">
      <![CDATA[org.openqa.selenium.NoSuchElementException: An element could not be located on the page using the given search parameters. (WARNING: The server did not provide any stacktrace information)
Command duration or timeout: 0 milliseconds
For documentation on this error, please visit: https://www.seleniumhq.org/exceptions/no_such_element.html
Build info: version: 'unknown', revision: 'unknown', time: 'unknown'
System info: host: 'DCKAQOC-050', ip: '192.168.1.5', os.name: 'Windows 10', os.arch: 'amd64', os.version: '10.0', java.version: '11.0.17'
Driver info: org.openqa.selenium.remote.RemoteWebDriver
Capabilities {64bit: false, acceptSslCert: false, acceptSslCerts: false, autoGrantPermissions: true, automationName: XCUITest, bootstrapPath: /usr/local/.browserstack/co..., browser: iphone, browserName: safari, browserstack.appium_version: 1.21.0, browserstack.isTargetBased: true, browserstack.is_hub_canary: false, buildName: browserstack-build-1, capabilities: {64bit: false, acceptSslCert: false, acceptSslCerts: false, autoGrantPermissions: true, automationName: XCUITest, bootstrapPath: /usr/local/.browserstack/co..., browser: iphone, browserName: safari, browserstack.appium_version: 1.21.0, browserstack.isTargetBased: true, browserstack.is_hub_canary: false, buildName: browserstack-build-1, custom_replay_kit_params: {"rotation":"false","captur..., databaseEnabled: false, detected_language: selenium/unknown (java wind..., device: iphone, deviceName: iPhone 14, deviceOrientation: PORTRAIT, javascriptEnabled: true, locationContextEnabled: false, mobile: {browser: mobile, version: iPhone 14-16.2}, networkConnectionEnabled: false, newCommandTimeout: 0, new_bucketing: true, noReset: true, orientation: PORTRAIT, orig_os: ios, osVersion: 16, os_version: 16.0, platform: MAC, platformName: iOS, projectName: First Java Project, realMobile: true, safariIgnoreFraudWarning: true, safariInitialUrl: http://mobile-internet-chec..., sessionId: f8bcda40ad52cf1a07bad302179..., sessionName: first_test, takesScreenshot: true, udid: 00008110-001208381E85401E, useXctestrunFile: true, version: , wda_port: 8404, webStorageEnabled: false, webkitResponseTimeout: 20000}, custom_replay_kit_params: {"rotation":"false","captur..., databaseEnabled: false, detected_language: selenium/unknown (java wind..., device: iphone, deviceName: iPhone 14, deviceOrientation: PORTRAIT, javascriptEnabled: true, locationContextEnabled: false, mobile: {browser: mobile, version: iPhone 14-16.2}, networkConnectionEnabled: false, newCommandTimeout: 0, new_bucketing: true, noReset: true, orientation: PORTRAIT, orig_os: ios, osVersion: 16, os_version: 16.0, platform: MAC, platformName: MAC, projectName: First Java Project, realMobile: true, safariIgnoreFraudWarning: true, safariInitialUrl: http://mobile-internet-chec..., sessionId: f8bcda40ad52cf1a07bad302179..., sessionName: first_test, takesScreenshot: true, udid: 00008110-001208381E85401E, useXctestrunFile: true, version: , wda_port: 8404, webStorageEnabled: false, webkitResponseTimeout: 20000}
Session ID: f8bcda40ad52cf1a07bad3021799a759c2ed3ce8
*** Element info: {Using=xpath, value=pass}
at org.openqa.selenium.remote.ErrorHandler.a(Unknown Source)
at org.openqa.selenium.remote.ErrorHandler.throwIfResponseFailed(Unknown Source)
at org.openqa.selenium.remote.http.JsonHttpResponseCodec.reconstructValue(Unknown Source)
at org.openqa.selenium.remote.http.AbstractHttpResponseCodec.decode(Unknown Source)
at org.openqa.selenium.remote.http.AbstractHttpResponseCodec.decode(Unknown Source)
at org.openqa.selenium.remote.HttpCommandExecutor.execute(Unknown Source)
at org.openqa.selenium.remote.RemoteWebDriver.execute(Unknown Source)
at org.openqa.selenium.remote.RemoteWebDriver.findElement(Unknown Source)
at org.openqa.selenium.remote.RemoteWebDriver.findElementByXPath(Unknown Source)
at org.openqa.selenium.By$ByXPath.findElement(Unknown Source)
at org.openqa.selenium.remote.RemoteWebDriver.findElement(Unknown Source)
at com.employee.CameraAccessTest.empId2(CameraAccessTest.java:71)
at java.base/java.util.concurrent.ThreadPoolExecutor.runWorker(ThreadPoolExecutor.java:1128)
at java.base/java.util.concurrent.ThreadPoolExecutor$Worker.run(ThreadPoolExecutor.java:628)
at java.base/java.lang.Thread.run(Thread.java:834)
... Removed 16 stack frames]]>
    </failure>
  </testcase> <!-- empId2 -->
  <testcase classname="com.employee.CameraAccessTest" name="empId" time="38.762">
    <failure type="org.openqa.selenium.NoSuchElementException" message="no such element: Unable to locate element: {&amp;quot;method&amp;quot;:&amp;quot;xpath&amp;quot;,&amp;quot;selector&amp;quot;:&amp;quot;pass&amp;quot;}
  (Session info: chrome=108.0.5359.128)
  (Driver info: chromedriver=108.0.5359.71 (1e0e3868ee06e91ad636a874420e3ca3ae3756ac-refs/branch-heads/5359@{#1016}),platform=Linux 5.15.17-200.fc35.x86_64 x86_64) (WARNING: The server did not provide any stacktrace information)
Command duration or timeout: 0 milliseconds
For documentation on this error, please visit: https://www.seleniumhq.org/exceptions/no_such_element.html
Build info: version: &amp;apos;unknown&amp;apos;, revision: &amp;apos;unknown&amp;apos;, time: &amp;apos;unknown&amp;apos;
System info: host: &amp;apos;DCKAQOC-050&amp;apos;, ip: &amp;apos;192.168.1.5&amp;apos;, os.name: &amp;apos;Windows 10&amp;apos;, os.arch: &amp;apos;amd64&amp;apos;, os.version: &amp;apos;10.0&amp;apos;, java.version: &amp;apos;11.0.17&amp;apos;
Driver info: org.openqa.selenium.remote.RemoteWebDriver
Capabilities {64bit: false, acceptSslCert: false, acceptSslCerts: false, appActivity: com.google.android.apps.chr..., appPackage: com.android.chrome, autoGrantPermissions: true, browser: chrome_android, browserName: chrome, browserstack.appium_version: 1.17.0, browserstack.is_hub_canary: false, buildName: browserstack-build-1, capabilities: {64bit: false, acceptSslCert: false, acceptSslCerts: false, appActivity: com.google.android.apps.chr..., appPackage: com.android.chrome, autoGrantPermissions: true, browser: chrome_android, browserName: chrome, browserstack.appium_version: 1.17.0, browserstack.is_hub_canary: false, buildName: browserstack-build-1, chromeOptions: {args: [--proxy-bypass-list=&amp;lt;-loopb..., test-type, --proxy-server=http://185.2..., --disable-features=Translate], w3c: false}, chromedriverArgs: [--adb-port=5038], chromedriverPort: 18082, databaseEnabled: false, detected_language: selenium/unknown (java wind..., device: Samsung Galaxy S23 Ultra, deviceApiLevel: 33, deviceManufacturer: samsung, deviceModel: SM-S918B, deviceName: RZCW127QK5J, deviceOrientation: portrait, deviceScreenDensity: 450, deviceScreenSize: 1080x2316, deviceUDID: RZCW127QK5J, enablePerformanceLogging: false, javascriptEnabled: true, locationContextEnabled: false, loggingPrefs: {browser: SEVERE}, mobile: {browser: mobile, version: Samsung Galaxy S23 Ultra-13.0}, networkConnectionEnabled: true, newCommandTimeout: 0, new_bucketing: true, orientation: PORTRAIT, orig_os: android, osVersion: 13.0, os_version: 13.0, pixelRatio: 2.8125, platform: ANDROID, platformName: Android, platformVersion: 13, projectName: First Java Project, realMobile: true, sessionId: 333b632252b71c329dd8e0a868a..., sessionName: first_test, skipServerInstallation: true, statBarHeight: 75, systemPort: 8202, takesScreenshot: true, udid: RZCW127QK5J, version: , viewportRect: {height: 2031, left: 0, top: 75, width: 1080}, warnings: {}, webStorageEnabled: false}, chromeOptions: {args: [--proxy-bypass-list=&amp;lt;-loopb..., test-type, --proxy-server=http://185.2..., --disable-features=Translate], w3c: false}, chromedriverArgs: [--adb-port=5038], chromedriverPort: 18082, databaseEnabled: false, detected_language: selenium/unknown (java wind..., device: Samsung Galaxy S23 Ultra, deviceApiLevel: 33, deviceManufacturer: samsung, deviceModel: SM-S918B, deviceName: RZCW127QK5J, deviceOrientation: portrait, deviceScreenDensity: 450, deviceScreenSize: 1080x2316, deviceUDID: RZCW127QK5J, enablePerformanceLogging: false, javascriptEnabled: true, locationContextEnabled: false, loggingPrefs: org.openqa.selenium.logging..., mobile: {browser: mobile, version: Samsung Galaxy S23 Ultra-13.0}, networkConnectionEnabled: true, newCommandTimeout: 0, new_bucketing: true, orientation: PORTRAIT, orig_os: android, osVersion: 13.0, os_version: 13.0, pixelRatio: 2.8125, platform: ANDROID, platformName: ANDROID, platformVersion: 13, projectName: First Java Project, realMobile: true, sessionId: 333b632252b71c329dd8e0a868a..., sessionName: first_test, skipServerInstallation: true, statBarHeight: 75, systemPort: 8202, takesScreenshot: true, udid: RZCW127QK5J, version: , viewportRect: {height: 2031, left: 0, top: 75, width: 1080}, warnings: {}, webStorageEnabled: false}
Session ID: 333b632252b71c329dd8e0a868acf0660f035ef0
*** Element info: {Using=xpath, value=pass}">
      <![CDATA[org.openqa.selenium.NoSuchElementException: no such element: Unable to locate element: {"method":"xpath","selector":"pass"}
  (Session info: chrome=108.0.5359.128)
  (Driver info: chromedriver=108.0.5359.71 (1e0e3868ee06e91ad636a874420e3ca3ae3756ac-refs/branch-heads/5359@{#1016}),platform=Linux 5.15.17-200.fc35.x86_64 x86_64) (WARNING: The server did not provide any stacktrace information)
Command duration or timeout: 0 milliseconds
For documentation on this error, please visit: https://www.seleniumhq.org/exceptions/no_such_element.html
Build info: version: 'unknown', revision: 'unknown', time: 'unknown'
System info: host: 'DCKAQOC-050', ip: '192.168.1.5', os.name: 'Windows 10', os.arch: 'amd64', os.version: '10.0', java.version: '11.0.17'
Driver info: org.openqa.selenium.remote.RemoteWebDriver
Capabilities {64bit: false, acceptSslCert: false, acceptSslCerts: false, appActivity: com.google.android.apps.chr..., appPackage: com.android.chrome, autoGrantPermissions: true, browser: chrome_android, browserName: chrome, browserstack.appium_version: 1.17.0, browserstack.is_hub_canary: false, buildName: browserstack-build-1, capabilities: {64bit: false, acceptSslCert: false, acceptSslCerts: false, appActivity: com.google.android.apps.chr..., appPackage: com.android.chrome, autoGrantPermissions: true, browser: chrome_android, browserName: chrome, browserstack.appium_version: 1.17.0, browserstack.is_hub_canary: false, buildName: browserstack-build-1, chromeOptions: {args: [--proxy-bypass-list=<-loopb..., test-type, --proxy-server=http://185.2..., --disable-features=Translate], w3c: false}, chromedriverArgs: [--adb-port=5038], chromedriverPort: 18082, databaseEnabled: false, detected_language: selenium/unknown (java wind..., device: Samsung Galaxy S23 Ultra, deviceApiLevel: 33, deviceManufacturer: samsung, deviceModel: SM-S918B, deviceName: RZCW127QK5J, deviceOrientation: portrait, deviceScreenDensity: 450, deviceScreenSize: 1080x2316, deviceUDID: RZCW127QK5J, enablePerformanceLogging: false, javascriptEnabled: true, locationContextEnabled: false, loggingPrefs: {browser: SEVERE}, mobile: {browser: mobile, version: Samsung Galaxy S23 Ultra-13.0}, networkConnectionEnabled: true, newCommandTimeout: 0, new_bucketing: true, orientation: PORTRAIT, orig_os: android, osVersion: 13.0, os_version: 13.0, pixelRatio: 2.8125, platform: ANDROID, platformName: Android, platformVersion: 13, projectName: First Java Project, realMobile: true, sessionId: 333b632252b71c329dd8e0a868a..., sessionName: first_test, skipServerInstallation: true, statBarHeight: 75, systemPort: 8202, takesScreenshot: true, udid: RZCW127QK5J, version: , viewportRect: {height: 2031, left: 0, top: 75, width: 1080}, warnings: {}, webStorageEnabled: false}, chromeOptions: {args: [--proxy-bypass-list=<-loopb..., test-type, --proxy-server=http://185.2..., --disable-features=Translate], w3c: false}, chromedriverArgs: [--adb-port=5038], chromedriverPort: 18082, databaseEnabled: false, detected_language: selenium/unknown (java wind..., device: Samsung Galaxy S23 Ultra, deviceApiLevel: 33, deviceManufacturer: samsung, deviceModel: SM-S918B, deviceName: RZCW127QK5J, deviceOrientation: portrait, deviceScreenDensity: 450, deviceScreenSize: 1080x2316, deviceUDID: RZCW127QK5J, enablePerformanceLogging: false, javascriptEnabled: true, locationContextEnabled: false, loggingPrefs: org.openqa.selenium.logging..., mobile: {browser: mobile, version: Samsung Galaxy S23 Ultra-13.0}, networkConnectionEnabled: true, newCommandTimeout: 0, new_bucketing: true, orientation: PORTRAIT, orig_os: android, osVersion: 13.0, os_version: 13.0, pixelRatio: 2.8125, platform: ANDROID, platformName: ANDROID, platformVersion: 13, projectName: First Java Project, realMobile: true, sessionId: 333b632252b71c329dd8e0a868a..., sessionName: first_test, skipServerInstallation: true, statBarHeight: 75, systemPort: 8202, takesScreenshot: true, udid: RZCW127QK5J, version: , viewportRect: {height: 2031, left: 0, top: 75, width: 1080}, warnings: {}, webStorageEnabled: false}
Session ID: 333b632252b71c329dd8e0a868acf0660f035ef0
*** Element info: {Using=xpath, value=pass}
at org.openqa.selenium.remote.ErrorHandler.a(Unknown Source)
at org.openqa.selenium.remote.ErrorHandler.throwIfResponseFailed(Unknown Source)
at org.openqa.selenium.remote.http.JsonHttpResponseCodec.reconstructValue(Unknown Source)
at org.openqa.selenium.remote.http.AbstractHttpResponseCodec.decode(Unknown Source)
at org.openqa.selenium.remote.http.AbstractHttpResponseCodec.decode(Unknown Source)
at org.openqa.selenium.remote.HttpCommandExecutor.execute(Unknown Source)
at org.openqa.selenium.remote.RemoteWebDriver.execute(Unknown Source)
at org.openqa.selenium.remote.RemoteWebDriver.findElement(Unknown Source)
at org.openqa.selenium.remote.RemoteWebDriver.findElementByXPath(Unknown Source)
at org.openqa.selenium.By$ByXPath.findElement(Unknown Source)
at org.openqa.selenium.remote.RemoteWebDriver.findElement(Unknown Source)
at com.employee.CameraAccessTest.empId(CameraAccessTest.java:44)
at java.base/java.util.concurrent.ThreadPoolExecutor.runWorker(ThreadPoolExecutor.java:1128)
at java.base/java.util.concurrent.ThreadPoolExecutor$Worker.run(ThreadPoolExecutor.java:628)
at java.base/java.lang.Thread.run(Thread.java:834)
... Removed 16 stack frames]]>
    </failure>
  </testcase> <!-- empId -->
</testsuite> <!-- Test -->
